2021-11-17 15:58:37,010 INFO config file already exist! continue
2021-11-17 15:58:37,014 INFO backup-20211116
2021-11-17 15:58:37,018 INFO new tlf are: ['D:\\mmal-l1\\backup-20211116-081010', 'D:\\mmal-l1\\backup-20211116-075646']
2021-11-17 15:58:37,019 INFO replace tlf txt
2021-11-17 15:58:37,020 INFO two latest files are:
2021-11-17 15:58:37,022 INFO two latest files are:
2021-11-17 15:58:37,023 INFO two latest files are:
2021-11-17 15:58:37,028 INFO compressing D:\mmal-l1\backup-20211116-081010
2021-11-17 15:58:38,875 INFO compressing D:\mmal-l1\backup-20211116-075646
2021-11-17 15:58:40,673 INFO replacing two latest files txt
2021-11-17 15:58:40,679 INFO replacing complete
2021-11-17 15:58:40,766 INFO the file was successfully copied!
2021-11-17 15:58:40,770 INFO deleting compressed file in working dir
2021-11-17 15:58:40,772 INFO compress and archiving complete!
2021-11-17 16:00:43,128 INFO config file already exist! continue
2021-11-17 16:00:43,131 INFO backup-20211116
2021-11-17 16:00:43,136 INFO new tlf are: ['D:\\mmal-l1\\backup-20211116-081010', 'D:\\mmal-l1\\backup-20211116-075646']
2021-11-17 16:00:43,138 INFO replace tlf txt
2021-11-17 16:00:43,142 INFO 
two latest files are:
2021-11-17 16:00:43,144 INFO D:\mmal-l1\backup-20211116-081010
2021-11-17 16:00:43,146 INFO D:\mmal-l1\backup-20211116-075646
2021-11-17 16:00:43,149 INFO compressing D:\mmal-l1\backup-20211116-081010
2021-11-17 16:00:45,016 INFO compressing D:\mmal-l1\backup-20211116-075646
2021-11-17 16:00:46,845 INFO replacing two latest files txt
2021-11-17 16:00:46,851 INFO replacing complete
2021-11-17 16:00:46,874 INFO the file was successfully copied!
2021-11-17 16:00:46,877 INFO deleting compressed file in working dir
2021-11-17 16:00:46,880 INFO compress and archiving complete!
2021-11-17 16:01:40,249 INFO config file already exist! continue
2021-11-17 16:01:40,254 INFO backup-20211116
2021-11-17 16:01:40,259 INFO new tlf are: ['D:\\mmal-l1\\backup-20211116-081010', 'D:\\mmal-l1\\backup-20211116-075646']
2021-11-17 16:01:40,261 INFO replace tlf txt
2021-11-17 16:01:40,262 INFO one of the file is already compressed, please check it
2021-11-17 16:02:31,472 INFO config file already exist! continue
2021-11-17 16:02:31,479 INFO backup-20211116
2021-11-17 16:02:31,485 INFO new tlf are: ['D:\\mmal-l1\\backup-20211116-081010', 'D:\\mmal-l1\\backup-20211116-075646']
2021-11-17 16:02:31,486 INFO replace tlf txt
2021-11-17 16:02:31,488 WARNING one of the file is already compressed, please check it
2021-11-17 16:04:28,646 INFO config file already exist! continue
2021-11-17 16:04:28,662 INFO backup-20211117
2021-11-17 16:04:28,666 WARNING there is no backup file today!
2021-11-17 16:05:09,658 INFO config file already exist! continue
2021-11-17 16:05:09,662 INFO backup-20211117
2021-11-17 16:05:09,665 WARNING there is no backup file today!
2021-11-17 16:05:19,478 INFO config file already exist! continue
2021-11-17 16:05:19,482 INFO backup-20211116
2021-11-17 16:05:19,486 INFO new tlf are: ['D:\\mmal-l1\\backup-20211116-081010', 'D:\\mmal-l1\\backup-20211116-075646']
2021-11-17 16:05:19,487 INFO replace tlf txt
2021-11-17 16:05:19,488 WARNING one of the file is already compressed, please check it
2021-11-17 16:05:29,805 INFO config file already exist! continue
2021-11-17 16:05:29,810 INFO backup-20211116
2021-11-17 16:05:29,813 INFO new tlf are: ['D:\\mmal-l1\\backup-20211116-081010', 'D:\\mmal-l1\\backup-20211116-075646']
2021-11-17 16:05:29,815 INFO replace tlf txt
2021-11-17 16:05:29,817 INFO 
two latest files are:
2021-11-17 16:05:29,818 INFO D:\mmal-l1\backup-20211116-081010
2021-11-17 16:05:29,820 INFO D:\mmal-l1\backup-20211116-075646
2021-11-17 16:05:29,823 INFO compressing D:\mmal-l1\backup-20211116-081010
2021-11-17 16:05:31,786 INFO compressing D:\mmal-l1\backup-20211116-075646
2021-11-17 16:05:33,790 INFO replacing two latest files txt
2021-11-17 16:05:33,796 INFO replacing complete
2021-11-17 16:10:02,296 INFO config file already exist! continue
2021-11-17 16:10:02,300 INFO backup-20211116
2021-11-17 16:10:02,305 INFO new tlf are: ['D:\\mmal-l1\\backup-20211116-081010', 'D:\\mmal-l1\\backup-20211116-075646']
2021-11-17 16:10:02,306 INFO replace tlf txt
2021-11-17 16:10:02,307 WARNING one of the file is already compressed, please check it
2021-11-17 16:10:24,752 INFO config file already exist! continue
2021-11-17 16:10:24,755 INFO backup-20211116
2021-11-17 16:10:24,759 INFO new tlf are: ['D:\\mmal-l1\\backup-20211116-081010', 'D:\\mmal-l1\\backup-20211116-075646']
2021-11-17 16:10:24,762 INFO replace tlf txt
2021-11-17 16:10:24,763 WARNING one of the file is already compressed, please check it
2021-11-17 16:10:56,559 INFO config file already exist! continue
2021-11-17 16:10:56,567 INFO backup-20211116
2021-11-17 16:10:56,570 INFO new tlf are: ['D:\\mmal-l1\\backup-20211116-081010', 'D:\\mmal-l1\\backup-20211116-075646']
2021-11-17 16:10:56,572 INFO replace tlf txt
2021-11-17 16:10:56,574 INFO 
two latest files are:
2021-11-17 16:10:56,577 INFO D:\mmal-l1\backup-20211116-081010
2021-11-17 16:10:56,581 INFO D:\mmal-l1\backup-20211116-075646
2021-11-17 16:10:56,599 INFO compressing D:\mmal-l1\backup-20211116-081010
2021-11-17 16:10:58,693 INFO compressing D:\mmal-l1\backup-20211116-075646
2021-11-17 16:11:00,496 INFO replacing two latest files txt
2021-11-17 16:11:00,502 INFO replacing complete
2021-11-17 16:12:53,062 INFO config file already exist! continue
2021-11-17 16:12:53,066 INFO backup-20211116
2021-11-17 16:12:53,069 INFO new tlf are: ['D:\\mmal-l1\\backup-20211116-081010', 'D:\\mmal-l1\\backup-20211116-075646']
2021-11-17 16:12:53,071 INFO replace tlf txt
2021-11-17 16:12:53,073 INFO 
two latest files are:
2021-11-17 16:12:53,075 INFO D:\mmal-l1\backup-20211116-081010
2021-11-17 16:12:53,077 INFO D:\mmal-l1\backup-20211116-075646
2021-11-17 16:12:53,080 INFO compressing D:\mmal-l1\backup-20211116-081010
2021-11-17 16:12:54,881 INFO compressing D:\mmal-l1\backup-20211116-075646
2021-11-17 16:12:56,657 INFO replacing two latest files txt
2021-11-17 16:12:56,664 INFO replacing complete
2021-11-17 17:02:06,373 INFO directory D:\mmal-l1 is present
2021-11-17 17:02:06,376 INFO config file already exist! continue
2021-11-17 17:02:06,378 INFO backup-20211116
2021-11-17 17:02:06,383 INFO new tlf are: ['D:\\mmal-l1\\backup-20211116-081010', 'D:\\mmal-l1\\backup-20211116-075646']
2021-11-17 17:02:06,384 INFO replace tlf txt
2021-11-17 17:02:06,386 WARNING one of the file is already compressed, please check it
2021-11-17 17:02:27,876 INFO directory D:\mmal-l1 is present
2021-11-17 17:02:27,879 INFO config file already exist! continue
2021-11-17 17:02:27,882 INFO backup-20211116
2021-11-17 17:02:27,886 INFO new tlf are: ['D:\\mmal-l1\\backup-20211116-081010', 'D:\\mmal-l1\\backup-20211116-075646']
2021-11-17 17:02:27,887 INFO replace tlf txt
2021-11-17 17:02:27,889 INFO 
two latest files are:
2021-11-17 17:02:27,890 INFO D:\mmal-l1\backup-20211116-081010
2021-11-17 17:02:27,892 INFO D:\mmal-l1\backup-20211116-075646
2021-11-17 17:02:27,914 INFO compressing D:\mmal-l1\backup-20211116-081010
2021-11-17 17:02:29,789 INFO compressing D:\mmal-l1\backup-20211116-075646
2021-11-17 17:02:31,535 INFO replacing two latest files txt
2021-11-17 17:02:31,541 INFO replacing complete
2021-11-17 17:03:05,161 INFO directory D:\mmal-l1 is present
2021-11-17 17:03:05,163 ERROR no such file or directory: D:\output\compressx\SynologyDrive
2021-11-17 17:03:05,164 INFO config file already exist! continue
2021-11-17 17:03:05,167 INFO backup-20211116
2021-11-17 17:03:05,170 INFO new tlf are: ['D:\\mmal-l1\\backup-20211116-081010', 'D:\\mmal-l1\\backup-20211116-075646']
2021-11-17 17:03:05,171 INFO replace tlf txt
2021-11-17 17:03:05,173 INFO 
two latest files are:
2021-11-17 17:03:05,176 INFO D:\mmal-l1\backup-20211116-081010
2021-11-17 17:03:05,178 INFO D:\mmal-l1\backup-20211116-075646
2021-11-17 17:03:05,181 INFO compressing D:\mmal-l1\backup-20211116-081010
2021-11-17 17:03:07,027 INFO compressing D:\mmal-l1\backup-20211116-075646
2021-11-17 17:03:08,765 INFO replacing two latest files txt
2021-11-17 17:03:08,771 INFO replacing complete
2021-11-17 17:11:02,033 INFO directory D:\mmal-l1 is present
2021-11-17 17:11:02,036 ERROR no such file or directory: D:\output\compressx\SynologyDrive
2021-11-17 17:11:48,177 INFO directory D:\mmal-l1 is present
2021-11-17 17:11:48,180 ERROR no such file or directory: D:\output\compressx\SynologyDrive
2021-11-17 17:12:15,696 ERROR no such file or directory: D:\mmal-l1x
2021-11-17 17:12:27,825 INFO directory D:\mmal-l1 is present
2021-11-17 17:12:27,828 INFO directory D:\output\compress\SynologyDrive is present
2021-11-17 17:12:27,829 INFO config file already exist! continue
2021-11-17 17:12:27,831 INFO backup-20211116
2021-11-17 17:12:27,835 INFO new tlf are: ['D:\\mmal-l1\\backup-20211116-081010', 'D:\\mmal-l1\\backup-20211116-075646']
2021-11-17 17:12:27,836 INFO replace tlf txt
2021-11-17 17:12:27,838 WARNING one of the file is already compressed, please check it
2021-11-17 17:12:41,519 INFO directory D:\mmal-l1 is present
2021-11-17 17:12:41,521 INFO directory D:\output\compress\SynologyDrive is present
2021-11-17 17:12:41,523 INFO config file already exist! continue
2021-11-17 17:12:41,525 INFO backup-20211116
2021-11-17 17:12:41,529 INFO new tlf are: ['D:\\mmal-l1\\backup-20211116-081010', 'D:\\mmal-l1\\backup-20211116-075646']
2021-11-17 17:12:41,530 INFO replace tlf txt
2021-11-17 17:12:41,532 INFO 
two latest files are:
2021-11-17 17:12:41,535 INFO D:\mmal-l1\backup-20211116-081010
2021-11-17 17:12:41,538 INFO D:\mmal-l1\backup-20211116-075646
2021-11-17 17:12:41,568 INFO compressing D:\mmal-l1\backup-20211116-081010
2021-11-17 17:12:43,412 INFO compressing D:\mmal-l1\backup-20211116-075646
2021-11-17 17:12:45,158 INFO replacing two latest files txt
2021-11-17 17:12:45,165 INFO replacing complete
2021-11-17 17:12:45,170 INFO the file was successfully copied!
2021-11-17 17:12:45,171 INFO deleting compressed file in working dir
2021-11-17 17:12:45,173 INFO compress and archiving complete!
